{"time": "2020-06-20T07:45:56.233647", "cdn": "Miss from cloudfront", "url": "https://www.amazon.com/", "netloc": "www.amazon.com", "size": "118246"}
{"time": "2020-06-20T07:45:56.691849", "cdn": "HIT from fastly, HIT from fastly", "url": "https://images-na.ssl-images-amazon.com/images/I/21l5OKCEfWL._RC%7C71yej1jgmiL.css,21TJB5pc5TL.css,31FX6DlOvlL.css,21lRUdwotiL.css,41TCfXduFuL.css,11G4HxMtMSL.css,31OvHRW+XiL.css,01XHMOHpK1L.css_.css?AUIClients/NavDesktopUberAsset", "netloc": "images-na.ssl-images-amazon.com", "size": "39201"}
{"time": "2020-06-20T07:45:56.718394", "cdn": "HIT from fastly, HIT from fastly", "url": "https://images-na.ssl-images-amazon.com/images/I/41PSJDgqDKL.css?AUIClients/AmazonGatewayAuiAssets", "netloc": "images-na.ssl-images-amazon.com", "size": "4824"}
{"time": "2020-06-20T07:45:56.727469", "cdn": "HIT from fastly, HIT from fastly", "url": "https://images-na.ssl-images-amazon.com/images/I/11HCPocBs0L._RC%7C01xMIxnQ9BL.css,017DsKjNQJL.css,01NL3TVKoYL.css,01XYrMlv7eL.css,41EWOOlBJ9L.css,11A-+6fHBeL.css,01ElnPiDxWL.css,11QxHU4QYaL.css,01Sp8sB1HiL.css,01IdKcBuAdL.css,01y-XAlI+2L.css,01evdoiemkL.css,01K+Ps1DeEL.css,31pdJv9iSzL.css,01W6EiNzKkL.css,51AZ-Jz5kmL.css,11UGC+GXOPL.css,21LK7jaicML.css,11L58Qpo0GL.css,21kyTi1FabL.css,01ruG+gDPFL.css,01YhS3Cs-hL.css,21GwE3cR-yL.css,019SHZnt8RL.css,01wAWQRgXzL.css,21bWcRJYNIL.css,11WgRxUdJRL.css,01dU8+SPlFL.css,11ocrgKoE-L.css,01SHjPML6tL.css,111-D2qRjiL.css,01QrWuRrZ-L.css,310Imb6LqFL.css,01piEq-AdwL.css,11Z1a0FxSIL.css,01cbS3UK11L.css,21mOLw+nYYL.css,01giMEP+djL.css_.css?AUIClients/AmazonUI", "netloc": "images-na.ssl-images-amazon.com", "size": "26095"}
{"time": "2020-06-20T07:45:57.239856", "cdn": "HIT from fastly, HIT from fastly", "url": "https://images-na.ssl-images-amazon.com/images/G/01/gno/sprites/nav-sprite-global_bluebeacon-1x_optimized_layout1._CB468670774_.png", "netloc": "images-na.ssl-images-amazon.com", "size": "11179"}
{"time": "2020-06-20T07:45:57.284826", "cdn": "HIT from fastly, HIT from fastly", "url": "https://images-na.ssl-images-amazon.com/images/I/31Ux4Sgxe-L._AC_SY119_.jpg", "netloc": "images-na.ssl-images-amazon.com", "size": "5456"}
{"time": "2020-06-20T07:45:57.325085", "cdn": "HIT from fastly, HIT from fastly", "url": "https://images-na.ssl-images-amazon.com/images/G/01/img20/events/fathersday/gw/XCM_Manual_1223838_1170376_US_us_fd20_dt_shoveler_en_3085428_200x200_en_US._CB431064198_.jpg", "netloc": "images-na.ssl-images-amazon.com", "size": "9404"}
{"time": "2020-06-20T07:45:57.332111", "cdn": "HIT from fastly, HIT from fastly", "url": "https://images-na.ssl-images-amazon.com/images/I/31ND7zo-a7L._AC_SY119_.jpg", "netloc": "images-na.ssl-images-amazon.com", "size": "6328"}
{"time": "2020-06-20T07:45:57.343784", "cdn": "HIT from fastly, HIT from fastly", "url": "https://images-na.ssl-images-amazon.com/images/G/01/US-hq/2020/img/Consumer_Electronics/XCM_Manual_ORIGIN_1227296_1191768_US_us_gw_campaigns_for_father_s_day_ce_b07q9mjkbv_3119558_200x200_1X_en_US._CB428921874_.jpg", "netloc": "images-na.ssl-images-amazon.com", "size": "5748"}
{"time": "2020-06-20T07:45:57.352144", "cdn": "HIT from fastly, HIT from fastly", "url": "https://images-na.ssl-images-amazon.com/images/I/516a1l0OOmL._AC_SY119_.jpg", "netloc": "images-na.ssl-images-amazon.com", "size": "5297"}
{"time": "2020-06-20T07:45:57.359478", "cdn": "HIT from fastly, HIT from fastly", "url": "https://images-na.ssl-images-amazon.com/images/I/51+KZGtu2KL._AC_SY119_.jpg", "netloc": "images-na.ssl-images-amazon.com", "size": "3850"}
{"time": "2020-06-20T07:45:57.413466", "cdn": "HIT from fastly, HIT from fastly", "url": "https://images-na.ssl-images-amazon.com/images/I/51CcE+CRVuL._AC_SY119_.jpg", "netloc": "images-na.ssl-images-amazon.com", "size": "5054"}
{"time": "2020-06-20T07:45:57.426621", "cdn": "HIT from fastly, HIT from fastly", "url": "https://images-na.ssl-images-amazon.com/images/I/31rN9KqPDDL._AC_SY119_.jpg", "netloc": "images-na.ssl-images-amazon.com", "size": "2446"}
{"time": "2020-06-20T07:45:57.461059", "cdn": "HIT from fastly, HIT from fastly", "url": "https://images-na.ssl-images-amazon.com/images/I/515bllYI2dL._AC_SY119_.jpg", "netloc": "images-na.ssl-images-amazon.com", "size": "3443"}
{"time": "2020-06-20T07:45:57.474036", "cdn": null, "url": "https://safebrowsing.googleapis.com/v4/threatListUpdates:fetch?$req=Ch0KDGdvb2dsZWNocm9tZRINODMuMC40MTAzLjEwNhopCAUQBBobCg0IBRAGGAEiAzAwMTABELLkCBoCGAohr1TqIgQgASACKAEaKQgBEAQaGwoNCAEQBhgBIgMwMDEwARDAwwcaAhgKYTDo3yIEIAEgAigBGicIChAIGhkKDQgKEAgYASIDMDAxMAEQBRoCGAoziEzpIgQgASACKAEaKQgHEAQaGwoNCAcQBhgBIgMwMDEwARCUzwcaAhgKlpDpQCIEIAEgAigBGicIARAEGhkKDQgBEAYYASIDMDAxMAMQFBoCGAqgVtK2IgQgASACKAMaKAgNEAQaGgoNCA0QBhgBIgMwMDEwARCTdRoCGAqLFnINIgQgASACKAEaKAgBEAgaGgoNCAEQCBgBIgMwMDEwBBC-GhoCGAqw5Sp6IgQgASACKAQaJwgJEAQaGQoNCAkQBhgBIgMwMDEwBhADGgIYCv_p_RwiBCABIAIoBhooCA8QBBoaCg0IDxAGGAEiAzAwMTABEOAvGgIYCrrysiEiBCABIAIoARooCAgQBBoaCg0ICBAGGAEiAzAwMTABEJEJGgIYCnwwmVUiBCABIAIoARonCAkQBBoZCg0ICRAGGAEiAzAwMTABEBwaAhgKLxCLEiIEIAEgAigBGikIAxAEGhsKDQgDEAYYASIDMDAxMAEQxcsHGgIYCrbkAusiBCABIAIoARopCA4QBBobCg0IDhAGGAEiAzAwMTABELHnAxoCGAplzsUrIgQgASACKAEaKAgQEAQaGgoNCBAQBhgBIgMwMDEwARDuAxoCGArG0O-CIgQgASACKAEiAggB&$ct=application/x-protobuf&key=AIzaSyBOti4mM-6x9WDnZIjIeyEU21OpBXqWBgw", "netloc": "safebrowsing.googleapis.com", "size": "1543"}
{"time": "2020-06-20T07:45:57.483905", "cdn": "HIT from fastly, HIT from fastly", "url": "https://images-na.ssl-images-amazon.com/images/G/01/img20/events/fathersday/gw/XCM_Manual_1223838_1170388_US_us_fd20_dt_shoveler_en_3085440_200x200_en_US._CB431064215_.jpg", "netloc": "images-na.ssl-images-amazon.com", "size": "5823"}
{"time": "2020-06-20T07:45:57.502033", "cdn": "HIT from fastly, HIT from fastly", "url": "https://images-na.ssl-images-amazon.com/images/G/01/img20/events/fathersday/gw/XCM_Manual_1223838_1170378_US_us_fd20_dt_shoveler_en_3085430_200x200_en_US._CB431064198_.jpg", "netloc": "images-na.ssl-images-amazon.com", "size": "4638"}
{"time": "2020-06-20T07:45:57.559036", "cdn": "HIT from fastly, HIT from fastly", "url": "https://images-na.ssl-images-amazon.com/images/G/01/img20/events/fathersday/gw/XCM_Manual_1223838_1170392_US_us_fd20_dt_shoveler_en_3085444_200x200_en_US._CB431064254_.jpg", "netloc": "images-na.ssl-images-amazon.com", "size": "8522"}
{"time": "2020-06-20T07:45:57.590342", "cdn": "HIT from fastly, HIT from fastly", "url": "https://images-na.ssl-images-amazon.com/images/G/01/img20/events/fathersday/gw/XCM_Manual_1223838_1170384_US_us_fd20_dt_shoveler_en_3085436_200x200_en_US._CB431064223_.jpg", "netloc": "images-na.ssl-images-amazon.com", "size": "8343"}
{"time": "2020-06-20T07:45:57.604137", "cdn": "HIT from fastly, HIT from fastly", "url": "https://images-na.ssl-images-amazon.com/images/I/61-6nKPKyWL.js?AUIClients/AmazonUIjQuery", "netloc": "images-na.ssl-images-amazon.com", "size": "32808"}
{"time": "2020-06-20T07:45:57.642728", "cdn": "HIT from fastly, HIT from fastly", "url": "https://images-na.ssl-images-amazon.com/images/G/01/img20/events/fathersday/gw/XCM_Manual_1223838_1170374_US_us_fd20_dt_shoveler_en_3085426_200x200_en_US._CB431064198_.jpg", "netloc": "images-na.ssl-images-amazon.com", "size": "5300"}
{"time": "2020-06-20T07:45:57.651807", "cdn": "HIT from fastly, HIT from fastly", "url": "https://images-na.ssl-images-amazon.com/images/I/41nemSTM6KL._AC_SY119_.jpg", "netloc": "images-na.ssl-images-amazon.com", "size": "4842"}
{"time": "2020-06-20T07:45:57.674057", "cdn": "HIT from fastly, HIT from fastly", "url": "https://images-na.ssl-images-amazon.com/images/I/31qubZ+1HFL.js?AUIClients/AmazonGatewayHerotatorJS", "netloc": "images-na.ssl-images-amazon.com", "size": "2856"}
{"time": "2020-06-20T07:45:57.689895", "cdn": "HIT from fastly, HIT from fastly", "url": "https://images-na.ssl-images-amazon.com/images/G/01/ape/sf/desktop/DAsf-1.50.996289c._V428881811_.js?csm_attribution=APE-SafeFrame", "netloc": "images-na.ssl-images-amazon.com", "size": "11253"}
{"time": "2020-06-20T07:45:57.697315", "cdn": "HIT from fastly, HIT from fastly", "url": "https://images-na.ssl-images-amazon.com/images/I/41rEDa0iAML.js?AUIClients/AmazonGatewayAuiAssets", "netloc": "images-na.ssl-images-amazon.com", "size": "8252"}
{"time": "2020-06-20T07:45:57.705077", "cdn": "HIT from fastly, HIT from fastly", "url": "https://images-na.ssl-images-amazon.com/images/I/01rGP6HIADL.js?AUIClients/GenericObservableJS", "netloc": "images-na.ssl-images-amazon.com", "size": "395"}
{"time": "2020-06-20T07:45:57.738664", "cdn": "HIT from fastly, HIT from fastly", "url": "https://images-na.ssl-images-amazon.com/images/G/01/Anything/test/images/detail/Gateway_graphics/Juneteenth_C_1X._SY304_CB429500232_.jpg", "netloc": "images-na.ssl-images-amazon.com", "size": "18333"}
{"time": "2020-06-20T07:45:57.759955", "cdn": "HIT from fastly, HIT from fastly", "url": "https://images-na.ssl-images-amazon.com/images/I/41CJs8FC3aL._AC_SY200_.jpg", "netloc": "images-na.ssl-images-amazon.com", "size": "5772"}
{"time": "2020-06-20T07:45:57.768385", "cdn": "HIT from fastly, HIT from fastly", "url": "https://images-na.ssl-images-amazon.com/images/I/41s1wg-JsHL._AC_SY200_.jpg", "netloc": "images-na.ssl-images-amazon.com", "size": "6745"}
{"time": "2020-06-20T07:45:57.778058", "cdn": "HIT from fastly, HIT from fastly", "url": "https://images-na.ssl-images-amazon.com/images/I/11VbV%2B%2BKhQL.js?AUIClients/RetailWebsiteOverlayAUIAssets", "netloc": "images-na.ssl-images-amazon.com", "size": "1520"}
{"time": "2020-06-20T07:45:57.796261", "cdn": "HIT from fastly, HIT from fastly", "url": "https://images-na.ssl-images-amazon.com/images/I/31DlROXVquL._AC_SY200_.jpg", "netloc": "images-na.ssl-images-amazon.com", "size": "4593"}
{"time": "2020-06-20T07:45:57.841915", "cdn": "HIT from fastly, HIT from fastly", "url": "https://images-na.ssl-images-amazon.com/images/I/411rWMfhQqL._RC%7C71DqOzuvPuL.js,61nu+N-SMyL.js,41W9ohA0e+L.js,11vrNkbdcvL.js,21qaguVEGfL.js,41pGxpj0ctL.js,51wilTzvmEL.js,31SHuHnJQqL.js_.js?AUIClients/NavDesktopUberAsset", "netloc": "images-na.ssl-images-amazon.com", "size": "107521"}
{"time": "2020-06-20T07:45:57.854879", "cdn": "HIT from fastly, HIT from fastly", "url": "https://images-na.ssl-images-amazon.com/images/I/41mdH2EOfmL._AC_SY200_.jpg", "netloc": "images-na.ssl-images-amazon.com", "size": "13926"}
{"time": "2020-06-20T07:45:57.862593", "cdn": "HIT from fastly, HIT from fastly", "url": "https://images-na.ssl-images-amazon.com/images/I/31e9GcyY8xL._AC_SY200_.jpg", "netloc": "images-na.ssl-images-amazon.com", "size": "8925"}
{"time": "2020-06-20T07:45:57.878358", "cdn": "HIT from fastly, HIT from fastly", "url": "https://m.media-amazon.com/images/G/01/AUIClients/InternationalCustomerPreferencesNavAssets-icp_sprite_2x-e2484e10a418367f3c7967c4fea1a089d100d360._V2_.png", "netloc": "m.media-amazon.com", "size": "32966"}
{"time": "2020-06-20T07:45:57.910842", "cdn": "HIT from fastly, HIT from fastly", "url": "https://images-na.ssl-images-amazon.com/images/I/41r3lP-fwuL._AC_SY200_.jpg", "netloc": "images-na.ssl-images-amazon.com", "size": "12728"}
{"time": "2020-06-20T07:45:57.919083", "cdn": "HIT from fastly, HIT from fastly", "url": "https://images-na.ssl-images-amazon.com/images/I/41AdNsg6xiL._AC_SY200_.jpg", "netloc": "images-na.ssl-images-amazon.com", "size": "6786"}
{"time": "2020-06-20T07:45:57.926793", "cdn": "HIT from fastly, HIT from fastly", "url": "https://images-na.ssl-images-amazon.com/images/I/41-ozDePVYL._AC_SY200_.jpg", "netloc": "images-na.ssl-images-amazon.com", "size": "5527"}
{"time": "2020-06-20T07:45:57.969261", "cdn": "HIT from fastly, HIT from fastly", "url": "https://images-na.ssl-images-amazon.com/images/I/41At0O5BASL._AC_SY200_.jpg", "netloc": "images-na.ssl-images-amazon.com", "size": "7246"}
{"time": "2020-06-20T07:45:57.999647", "cdn": "HIT from fastly, HIT from fastly", "url": "https://m.media-amazon.com/images/G/01/AUIClients/AmazonUICarousel-arrows-c495a9b59afd9b35a08c12513d40b8c7e7771499._V2_.png", "netloc": "m.media-amazon.com", "size": "5861"}
{"time": "2020-06-20T07:45:58.008839", "cdn": "HIT from fastly, HIT from fastly", "url": "https://images-na.ssl-images-amazon.com/images/I/41gyXwoy-dL._AC_SY200_.jpg", "netloc": "images-na.ssl-images-amazon.com", "size": "13071"}
{"time": "2020-06-20T07:45:58.014870", "cdn": "HIT from fastly, HIT from fastly", "url": "https://m.media-amazon.com/images/G/01/AUIClients/AmazonUISpinner-spinner_gray_4x-1700c97a80998ee10f8d972a4c89b6eb64ccfdb1._V2_.gif", "netloc": "m.media-amazon.com", "size": "9801"}
{"time": "2020-06-20T07:45:58.033688", "cdn": "HIT from fastly, HIT from fastly", "url": "https://images-na.ssl-images-amazon.com/images/I/315RpMFCRnL._AC_SY200_.jpg", "netloc": "images-na.ssl-images-amazon.com", "size": "7096"}
{"time": "2020-06-20T07:45:58.042877", "cdn": "HIT from fastly, HIT from fastly", "url": "https://images-na.ssl-images-amazon.com/images/I/41PeVR6BHtL._AC_SY200_.jpg", "netloc": "images-na.ssl-images-amazon.com", "size": "5028"}
{"time": "2020-06-20T07:45:58.059529", "cdn": null, "url": "https://fls-na.amazon.com/1/batch/1/OP/ATVPDKIKX0DER:131-5375880-4651969:YT4K4TMF55CQV70D1WMW$uedata=s:%2Fgp%2Fuedata%3Fstaticb%26id%3DYT4K4TMF55CQV70D1WMW:0", "netloc": "fls-na.amazon.com", "size": "43"}
{"time": "2020-06-20T07:45:58.096371", "cdn": "HIT from fastly, HIT from fastly", "url": "https://images-na.ssl-images-amazon.com/images/I/41HEaYr903L._AC_SY200_.jpg", "netloc": "images-na.ssl-images-amazon.com", "size": "4359"}
{"time": "2020-06-20T07:45:58.123565", "cdn": "HIT from fastly, HIT from fastly", "url": "https://images-na.ssl-images-amazon.com/images/I/41kJd3jCl-L._AC_SY200_.jpg", "netloc": "images-na.ssl-images-amazon.com", "size": "5508"}
{"time": "2020-06-20T07:45:58.133362", "cdn": "HIT from fastly, HIT from fastly", "url": "https://images-na.ssl-images-amazon.com/images/G/01/US-hq/2020/img/Social_Shopping/2020/B0788SKY2V_low_res_desktop._SY304_CB431365344_.jpg", "netloc": "images-na.ssl-images-amazon.com", "size": "13733"}
{"time": "2020-06-20T07:45:58.190273", "cdn": "HIT from fastly, HIT from fastly", "url": "https://images-na.ssl-images-amazon.com/images/G/01/kindle/journeys/MTM1MTg2MGQt/MTM1MTg2MGQt-NzBjMjg1YWIt-w1500._CB428906769_.jpg", "netloc": "images-na.ssl-images-amazon.com", "size": "92859"}
{"time": "2020-06-20T07:45:58.199607", "cdn": "HIT from fastly, HIT from fastly", "url": "https://m.media-amazon.com/images/G/01/csm/showads.v2.js", "netloc": "m.media-amazon.com", "size": "43"}
{"time": "2020-06-20T07:45:58.250197", "cdn": "HIT from fastly, HIT from fastly", "url": "https://images-na.ssl-images-amazon.com/images/G/01/AmazonServices/Site/US/Product/FBA/Outlet/Merchandising/Outlet_GW_E_DSC_379x304_B07TYTRSPL_e2c494b1._SY304_CB429546895_.jpg", "netloc": "images-na.ssl-images-amazon.com", "size": "24980"}
{"time": "2020-06-20T07:45:58.322313", "cdn": null, "url": "https://assoc-na.associates-amazon.com/abid/um?s=131-5375880-4651969&m=ATVPDKIKX0DER", "netloc": "assoc-na.associates-amazon.com", "size": "0"}
{"time": "2020-06-20T07:45:58.334034", "cdn": "HIT from fastly, HIT from fastly", "url": "https://images-na.ssl-images-amazon.com/images/G/01/AmazonServices/Site/US/Product/FBA/Outlet/Merchandising/Outlet_GW_DQC_H_186x116_B07VB8Q6MC_5c9d550e._SY116_CB430753823_.jpg", "netloc": "images-na.ssl-images-amazon.com", "size": "4898"}
{"time": "2020-06-20T07:45:58.344139", "cdn": "HIT from fastly, HIT from fastly", "url": "https://images-na.ssl-images-amazon.com/images/G/01/AmazonServices/Site/US/Product/FBA/Outlet/Merchandising/Outlet_GW_DQC_K_186x116_B071JMG7Y8_cee0e199._SY116_CB430754026_.jpg", "netloc": "images-na.ssl-images-amazon.com", "size": "5133"}
{"time": "2020-06-20T07:45:58.379340", "cdn": "HIT from fastly, HIT from fastly", "url": "https://images-na.ssl-images-amazon.com/images/G/01/AmazonServices/Site/US/Product/FBA/Outlet/Merchandising/Outlet_GW_E_186x116_B077GQWGHP_80c67656._SY116_CB429546895_.jpg", "netloc": "images-na.ssl-images-amazon.com", "size": "6068"}
{"time": "2020-06-20T07:45:58.389357", "cdn": "HIT from fastly, HIT from fastly", "url": "https://images-na.ssl-images-amazon.com/images/G/01/AmazonServices/Site/US/Product/FBA/Outlet/Merchandising/Outlet_GW_DQC_THI_186x116_B07JPJ915G_15e6bbf9._SY116_CB430753822_.jpg", "netloc": "images-na.ssl-images-amazon.com", "size": "5935"}
{"time": "2020-06-20T07:45:58.671299", "cdn": "HIT from fastly, HIT from fastly", "url": "https://images-na.ssl-images-amazon.com/images/G/01/AmazonServices/Site/US/Product/FBA/Outlet/Merchandising/Outlet_GW_DQC_E_186x116_B07YDXW1BL_decc3c0e._SY116_CB430753823_.jpg", "netloc": "images-na.ssl-images-amazon.com", "size": "4659"}
{"time": "2020-06-20T07:45:58.747412", "cdn": "HIT from fastly, HIT from fastly", "url": "https://images-na.ssl-images-amazon.com/images/G/01/AmazonServices/Site/US/Product/FBA/Outlet/Merchandising/Outlet_GW_A_186x116_B07TXPSGHD_283ab7fd._SY116_CB429546892_.jpg", "netloc": "images-na.ssl-images-amazon.com", "size": "6061"}
{"time": "2020-06-20T07:45:58.754822", "cdn": "HIT from fastly, HIT from fastly", "url": "https://images-na.ssl-images-amazon.com/images/I/51P+6HBtFRL._AC_SY200_.jpg", "netloc": "images-na.ssl-images-amazon.com", "size": "6939"}
{"time": "2020-06-20T07:45:58.761052", "cdn": "HIT from fastly, HIT from fastly", "url": "https://images-na.ssl-images-amazon.com/images/G/01/AmazonServices/Site/US/Product/FBA/Outlet/Merchandising/Outlet_GW_H_186x116_B07Y7T1CP6_4caf115f._SY116_CB429546894_.jpg", "netloc": "images-na.ssl-images-amazon.com", "size": "6059"}
{"time": "2020-06-20T07:45:58.768109", "cdn": "HIT from fastly, HIT from fastly", "url": "https://images-na.ssl-images-amazon.com/images/G/01/AmazonServices/Site/US/Product/FBA/Outlet/Merchandising/Outlet_GW_K_186x116_B07ZMBY2YK_c864f9f9._SY116_CB429546894_.jpg", "netloc": "images-na.ssl-images-amazon.com", "size": "6102"}
{"time": "2020-06-20T07:45:58.809753", "cdn": "HIT from fastly, HIT from fastly", "url": "https://images-na.ssl-images-amazon.com/images/I/41cPXoUTzwL._AC_SY200_.jpg", "netloc": "images-na.ssl-images-amazon.com", "size": "6286"}
{"time": "2020-06-20T07:45:58.819841", "cdn": "HIT from fastly, HIT from fastly", "url": "https://images-na.ssl-images-amazon.com/images/I/41P5y+Z-b4L._AC_SY200_.jpg", "netloc": "images-na.ssl-images-amazon.com", "size": "6202"}
{"time": "2020-06-20T07:45:58.827736", "cdn": "HIT from fastly, HIT from fastly", "url": "https://images-na.ssl-images-amazon.com/images/I/31FIm-HxbOL._AC_SY200_.jpg", "netloc": "images-na.ssl-images-amazon.com", "size": "2914"}
{"time": "2020-06-20T07:45:58.833738", "cdn": "HIT from fastly, HIT from fastly", "url": "https://images-na.ssl-images-amazon.com/images/I/41nedRdsEzL._AC_SY200_.jpg", "netloc": "images-na.ssl-images-amazon.com", "size": "5009"}
{"time": "2020-06-20T07:45:58.841865", "cdn": "HIT from fastly, HIT from fastly", "url": "https://images-na.ssl-images-amazon.com/images/I/41fiHNF3U0L._AC_SY200_.jpg", "netloc": "images-na.ssl-images-amazon.com", "size": "5469"}
{"time": "2020-06-20T07:45:58.847493", "cdn": "HIT from fastly, HIT from fastly", "url": "https://images-na.ssl-images-amazon.com/images/I/41IrPgVc03L._AC_SY200_.jpg", "netloc": "images-na.ssl-images-amazon.com", "size": "5698"}
{"time": "2020-06-20T07:45:58.854346", "cdn": "HIT from fastly, HIT from fastly", "url": "https://images-na.ssl-images-amazon.com/images/I/31lVtDX0bPL._AC_SY200_.jpg", "netloc": "images-na.ssl-images-amazon.com", "size": "4363"}
{"time": "2020-06-20T07:45:58.891800", "cdn": "HIT from fastly, HIT from fastly", "url": "https://images-na.ssl-images-amazon.com/images/I/219wy-LDq+L._AC_SY200_.jpg", "netloc": "images-na.ssl-images-amazon.com", "size": "4642"}
{"time": "2020-06-20T07:45:58.899762", "cdn": "HIT from fastly, HIT from fastly", "url": "https://images-na.ssl-images-amazon.com/images/I/21eI0XElGpL._AC_SY200_.jpg", "netloc": "images-na.ssl-images-amazon.com", "size": "4304"}
{"time": "2020-06-20T07:45:58.907924", "cdn": "Miss from cloudfront", "url": "https://www.amazon.com/ah/ajax/counter?ctr=desktop_ajax_atf&exp=1592664476464&rId=YT4K4TMF55CQV70D1WMW&mkId=ATVPDKIKX0DER&h=8aaf41a093ac2a8cebff11340bb9fa6486d9951f3bc444f7d75f3cd7af6946f4", "netloc": "www.amazon.com", "size": "20"}
{"time": "2020-06-20T07:45:58.915163", "cdn": "HIT from fastly, HIT from fastly", "url": "https://images-na.ssl-images-amazon.com/images/I/31iXM60XaJL._AC_SY200_.jpg", "netloc": "images-na.ssl-images-amazon.com", "size": "8724"}
{"time": "2020-06-20T07:45:58.934285", "cdn": "HIT from fastly, HIT from fastly", "url": "https://images-na.ssl-images-amazon.com/images/I/21uErq33DsL._AC_SY200_.jpg", "netloc": "images-na.ssl-images-amazon.com", "size": "4767"}
{"time": "2020-06-20T07:45:58.941781", "cdn": "HIT from fastly, HIT from fastly", "url": "https://images-na.ssl-images-amazon.com/images/I/31actbdn5fL._AC_SY200_.jpg", "netloc": "images-na.ssl-images-amazon.com", "size": "5816"}
{"time": "2020-06-20T07:45:58.956415", "cdn": "HIT from fastly, HIT from fastly", "url": "https://images-na.ssl-images-amazon.com/images/I/418s4d+SegL._AC_SY200_.jpg", "netloc": "images-na.ssl-images-amazon.com", "size": "12491"}
{"time": "2020-06-20T07:45:58.986315", "cdn": "HIT from fastly, HIT from fastly", "url": "https://images-na.ssl-images-amazon.com/images/G/01/launchpad/gateway/Robobloq-Q-Dino-Programming-Robot-Kit-1x-186x116-B081H1WSHD-v2._SY116_CB431374538_.jpg", "netloc": "images-na.ssl-images-amazon.com", "size": "7616"}
{"time": "2020-06-20T07:45:58.992249", "cdn": "HIT from fastly, HIT from fastly", "url": "https://images-na.ssl-images-amazon.com/images/G/01/launchpad/gateway/Mikes-Hot-Honey-Easy-Pour-Bottle-1x-186x116-B085B1YZ8Q-v2._SY116_CB431374538_.jpg", "netloc": "images-na.ssl-images-amazon.com", "size": "5247"}
{"time": "2020-06-20T07:45:58.998772", "cdn": "HIT from fastly, HIT from fastly", "url": "https://images-na.ssl-images-amazon.com/images/G/01/launchpad/gateway/FOREO-LUNA-play-plus-Facial-Cleansing-Brush-1x-186x116-B06XSZ4W12-v2._SY116_CB431374538_.jpg", "netloc": "images-na.ssl-images-amazon.com", "size": "5633"}
{"time": "2020-06-20T07:45:59.005513", "cdn": "HIT from fastly, HIT from fastly", "url": "https://images-na.ssl-images-amazon.com/images/G/01/launchpad/gateway/2020/May/fday_gw_desktop_mobile_quad_card_05.21.20_186x116_kitchen_B07YD2TKL1._SY116_CB432003739_.jpg", "netloc": "images-na.ssl-images-amazon.com", "size": "5056"}
{"time": "2020-06-20T07:45:59.010994", "cdn": "HIT from fastly, HIT from fastly", "url": "https://images-na.ssl-images-amazon.com/images/G/01/launchpad/gateway/2020/May/fday_gw_desktop_mobile_quad_card_05.21.20_186x116_active_B01EKMN9LA._SY116_CB431998312_.jpg", "netloc": "images-na.ssl-images-amazon.com", "size": "5043"}
{"time": "2020-06-20T07:45:59.016320", "cdn": "HIT from fastly, HIT from fastly", "url": "https://images-na.ssl-images-amazon.com/images/G/01/launchpad/gateway/2020/May/fday_gw_desktop_mobile_quad_card_05.21.20_186x116_listicle_B01IEHIMLY._SY116_CB432003738_.jpg", "netloc": "images-na.ssl-images-amazon.com", "size": "4901"}
{"time": "2020-06-20T07:45:59.023655", "cdn": "HIT from fastly, HIT from fastly", "url": "https://images-na.ssl-images-amazon.com/images/G/01/kindle/journeys/MmI3MDQ2M2Mt/MmI3MDQ2M2Mt-NjIzOTVlMDAt-w186._SY116_CB431265409_.jpg", "netloc": "images-na.ssl-images-amazon.com", "size": "4698"}
{"time": "2020-06-20T07:45:59.029116", "cdn": "HIT from fastly, HIT from fastly", "url": "https://images-na.ssl-images-amazon.com/images/G/01/launchpad/gateway/Diggs-Revol-Collapsible-Dog-Crate-1x-186x116-B07VN75LZR-v2._SY116_CB431374539_.jpg", "netloc": "images-na.ssl-images-amazon.com", "size": "6820"}
{"time": "2020-06-20T07:45:59.035656", "cdn": "HIT from fastly, HIT from fastly", "url": "https://images-na.ssl-images-amazon.com/images/G/01/launchpad/gateway/2020/May/fday_gw_desktop_mobile_quad_card_05.21.20_186x116_diy_B01HRCU3SW._SY116_CB432003739_.jpg", "netloc": "images-na.ssl-images-amazon.com", "size": "5074"}
{"time": "2020-06-20T07:45:59.042188", "cdn": "HIT from fastly, HIT from fastly", "url": "https://images-na.ssl-images-amazon.com/images/G/01/kindle/journeys/MmI3MDQ2M2Mt/MmI3MDQ2M2Mt-YzdjZGJiN2Qt-w186._SY116_CB431382032_.jpg", "netloc": "images-na.ssl-images-amazon.com", "size": "6117"}
{"time": "2020-06-20T07:45:59.047835", "cdn": "HIT from fastly, HIT from fastly", "url": "https://images-na.ssl-images-amazon.com/images/G/01/kindle/journeys/MmI3MDQ2M2Mt/MmI3MDQ2M2Mt-MDhiNTgxMmEt-w186._SY116_CB431436174_.jpg", "netloc": "images-na.ssl-images-amazon.com", "size": "6162"}
{"time": "2020-06-20T07:45:59.060494", "cdn": "HIT from fastly, HIT from fastly", "url": "https://images-na.ssl-images-amazon.com/images/G/01/kindle/journeys/MmI3MDQ2M2Mt/MmI3MDQ2M2Mt-ZDU0ZTk0NGEt-w186._SY116_CB431436169_.jpg", "netloc": "images-na.ssl-images-amazon.com", "size": "3595"}
{"time": "2020-06-20T07:45:59.079203", "cdn": "Miss from cloudfront", "url": "https://www.amazon.com/gp/redirection/australia.html", "netloc": "www.amazon.com", "size": "30"}
{"time": "2020-06-20T07:45:59.092481", "cdn": "Miss from cloudfront", "url": "https://www.amazon.com/gp/redirection/canada.html", "netloc": "www.amazon.com", "size": "30"}
{"time": "2020-06-20T07:45:59.101190", "cdn": "HIT from fastly, HIT from fastly", "url": "https://images-na.ssl-images-amazon.com/images/G/01/xba/QCC_US_TP_June_2020_186x116._SY116_CB431910283_.jpg", "netloc": "images-na.ssl-images-amazon.com", "size": "4569"}
{"time": "2020-06-20T07:45:59.106929", "cdn": "HIT from fastly, HIT from fastly", "url": "https://images-na.ssl-images-amazon.com/images/G/01/xba/QCC_US_HD_June_2020_186x116._SY116_CB431910282_.jpg", "netloc": "images-na.ssl-images-amazon.com", "size": "4857"}
{"time": "2020-06-20T07:45:59.112645", "cdn": "HIT from fastly, HIT from fastly", "url": "https://images-na.ssl-images-amazon.com/images/G/01/xba/QCC_US_J_June_2020_186x116._SY116_CB431910282_.jpg", "netloc": "images-na.ssl-images-amazon.com", "size": "4170"}
{"time": "2020-06-20T07:45:59.120640", "cdn": "HIT from fastly, HIT from fastly", "url": "https://images-na.ssl-images-amazon.com/images/G/01/xba/QCC_US_G_June_2020_186x116._SY116_CB431910282_.jpg", "netloc": "images-na.ssl-images-amazon.com", "size": "4402"}
{"time": "2020-06-20T07:45:59.126287", "cdn": "HIT from fastly, HIT from fastly", "url": "https://images-na.ssl-images-amazon.com/images/I/41Ton5tio3L._AC_SY200_.jpg", "netloc": "images-na.ssl-images-amazon.com", "size": "4747"}
{"time": "2020-06-20T07:45:59.132353", "cdn": "Miss from cloudfront", "url": "https://www.amazon.com/gp/redirection/netherlands.html", "netloc": "www.amazon.com", "size": "30"}
{"time": "2020-06-20T07:45:59.138220", "cdn": "HIT from fastly, HIT from fastly", "url": "https://images-na.ssl-images-amazon.com/images/I/51GfNQyP1FL._AC_SY200_.jpg", "netloc": "images-na.ssl-images-amazon.com", "size": "10680"}
{"time": "2020-06-20T07:45:59.145461", "cdn": "HIT from fastly, HIT from fastly", "url": "https://images-na.ssl-images-amazon.com/images/I/412JWZw8ndL._AC_SY200_.jpg", "netloc": "images-na.ssl-images-amazon.com", "size": "12453"}
{"time": "2020-06-20T07:45:59.151583", "cdn": "MISS from fastly, HIT from fastly", "url": "https://images-na.ssl-images-amazon.com/images/I/31s1-1eTl+L._AC_SY200_.jpg", "netloc": "images-na.ssl-images-amazon.com", "size": "3780"}
{"time": "2020-06-20T07:45:59.199681", "cdn": "Miss from cloudfront", "url": "https://www.amazon.com/gp/redirection/uae.html", "netloc": "www.amazon.com", "size": "30"}
{"time": "2020-06-20T07:45:59.206786", "cdn": "Miss from cloudfront", "url": "https://www.amazon.com/gp/redirection/singapore.html", "netloc": "www.amazon.com", "size": "30"}
{"time": "2020-06-20T07:45:59.212873", "cdn": "HIT from fastly, HIT from fastly", "url": "https://images-na.ssl-images-amazon.com/images/I/31WYnKwzcuL._AC_SY200_.jpg", "netloc": "images-na.ssl-images-amazon.com", "size": "10646"}
{"time": "2020-06-20T07:45:59.218574", "cdn": "HIT from fastly, HIT from fastly", "url": "https://images-na.ssl-images-amazon.com/images/I/41JpMq+LzjL._AC_SY200_.jpg", "netloc": "images-na.ssl-images-amazon.com", "size": "13074"}
{"time": "2020-06-20T07:45:59.224661", "cdn": "HIT from fastly, HIT from fastly", "url": "https://images-na.ssl-images-amazon.com/images/I/31lD4xcvR3L._AC_SY200_.jpg", "netloc": "images-na.ssl-images-amazon.com", "size": "4080"}
{"time": "2020-06-20T07:45:59.230724", "cdn": "HIT from fastly, HIT from fastly", "url": "https://images-na.ssl-images-amazon.com/images/I/31bl8XSbfiL._AC_SY200_.jpg", "netloc": "images-na.ssl-images-amazon.com", "size": "6572"}
{"time": "2020-06-20T07:45:59.239811", "cdn": "HIT from fastly, HIT from fastly", "url": "https://images-na.ssl-images-amazon.com/images/I/31sPAwoLC6L._AC_SY200_.jpg", "netloc": "images-na.ssl-images-amazon.com", "size": "7367"}
{"time": "2020-06-20T07:45:59.255750", "cdn": "HIT from fastly, HIT from fastly", "url": "https://images-na.ssl-images-amazon.com/images/I/31QeETUk-eL._AC_SY200_.jpg", "netloc": "images-na.ssl-images-amazon.com", "size": "2871"}
{"time": "2020-06-20T07:45:59.264860", "cdn": "HIT from fastly, HIT from fastly", "url": "https://images-na.ssl-images-amazon.com/images/I/41nIbZDtJrL._AC_SY200_.jpg", "netloc": "images-na.ssl-images-amazon.com", "size": "3669"}
{"time": "2020-06-20T07:45:59.271643", "cdn": "HIT from fastly, HIT from fastly", "url": "https://images-na.ssl-images-amazon.com/images/I/41pt6E+JNRL._AC_SY200_.jpg", "netloc": "images-na.ssl-images-amazon.com", "size": "3425"}
{"time": "2020-06-20T07:45:59.277428", "cdn": "HIT from fastly, HIT from fastly", "url": "https://images-na.ssl-images-amazon.com/images/I/21H+y++GT-L._AC_SY200_.jpg", "netloc": "images-na.ssl-images-amazon.com", "size": "4505"}
{"time": "2020-06-20T07:45:59.284106", "cdn": "HIT from fastly, HIT from fastly", "url": "https://images-na.ssl-images-amazon.com/images/G/01/US-hq/2020/img/Tools/XCM_CUTTLE_1225145_1177553_US_3094831_186x116_1X_en_US._SY116_CB432003734_.jpg", "netloc": "images-na.ssl-images-amazon.com", "size": "5078"}
{"time": "2020-06-20T07:45:59.290366", "cdn": "HIT from fastly, HIT from fastly", "url": "https://images-na.ssl-images-amazon.com/images/G/01/US-hq/2020/img/Tools/XCM_CUTTLE_1225147_1177555_US_3094833_186x116_1X_en_US._SY116_CB431998116_.jpg", "netloc": "images-na.ssl-images-amazon.com", "size": "5300"}
{"time": "2020-06-20T07:45:59.296425", "cdn": "HIT from fastly, HIT from fastly", "url": "https://images-na.ssl-images-amazon.com/images/I/41X+dGlPm6L._AC_SY200_.jpg", "netloc": "images-na.ssl-images-amazon.com", "size": "5797"}
{"time": "2020-06-20T07:45:59.302057", "cdn": "HIT from fastly, HIT from fastly", "url": "https://images-na.ssl-images-amazon.com/images/G/01/US-hq/2020/img/Tools/XCM_CUTTLE_1225146_1177554_US_3094832_186x116_1X_en_US._SY116_CB431998463_.jpg", "netloc": "images-na.ssl-images-amazon.com", "size": "3951"}
{"time": "2020-06-20T07:45:59.307977", "cdn": "HIT from fastly, HIT from fastly", "url": "https://images-na.ssl-images-amazon.com/images/G/01/US-hq/2020/img/Tools/XCM_CUTTLE_1225144_1177552_US_3094830_186x116_1X_en_US._SY116_CB432003646_.jpg", "netloc": "images-na.ssl-images-amazon.com", "size": "5590"}
{"time": "2020-06-20T07:45:59.313422", "cdn": "HIT from fastly, HIT from fastly", "url": "https://images-na.ssl-images-amazon.com/images/G/01/kindle/journeys/MmI3MDQ2M2Mt/MmI3MDQ2M2Mt-YTAwOWE1MWIt-w186._SY116_CB431382248_.jpg", "netloc": "images-na.ssl-images-amazon.com", "size": "6162"}
{"time": "2020-06-20T07:45:59.318949", "cdn": "HIT from fastly, HIT from fastly", "url": "https://images-na.ssl-images-amazon.com/images/G/01/AmazonServices/Site/US/Product/FBA/Outlet/Merchandising/Outlet_OD_DSC_379x304_B07Z7J5BJN_2805b2f5._SY304_CB428867820_.jpg", "netloc": "images-na.ssl-images-amazon.com", "size": "17127"}
{"time": "2020-06-20T07:45:59.325119", "cdn": "HIT from fastly, HIT from fastly", "url": "https://images-na.ssl-images-amazon.com/images/G/01/kindle/journeys/MmI3MDQ2M2Mt/MmI3MDQ2M2Mt-Zjc4YTk0YTUt-w186._SY116_CB431286318_.jpg", "netloc": "images-na.ssl-images-amazon.com", "size": "4698"}
{"time": "2020-06-20T07:45:59.330613", "cdn": "HIT from fastly, HIT from fastly", "url": "https://images-na.ssl-images-amazon.com/images/G/01/US-hq/2020/img/Lawn_x26_Garden/XCM_CUTTLE_1225112_1177460_US_3094709_186x116_2X_en_US._SY116_CB431947935_.jpg", "netloc": "images-na.ssl-images-amazon.com", "size": "3635"}
{"time": "2020-06-20T07:45:59.336887", "cdn": "HIT from fastly, HIT from fastly", "url": "https://images-na.ssl-images-amazon.com/images/G/01/kindle/journeys/MmI3MDQ2M2Mt/MmI3MDQ2M2Mt-Y2ZlOTI1YmEt-w186._SY116_CB431382252_.jpg", "netloc": "images-na.ssl-images-amazon.com", "size": "5209"}
{"time": "2020-06-20T07:45:59.342544", "cdn": "HIT from fastly, HIT from fastly", "url": "https://images-na.ssl-images-amazon.com/images/G/01/US-hq/2020/img/Lawn_x26_Garden/XCM_CUTTLE_1225112_1177456_US_3094715_186x116_2X_en_US._SY116_CB431947935_.jpg", "netloc": "images-na.ssl-images-amazon.com", "size": "3679"}
{"time": "2020-06-20T07:45:59.347796", "cdn": "HIT from fastly, HIT from fastly", "url": "https://images-na.ssl-images-amazon.com/images/G/01/kindle/journeys/MmI3MDQ2M2Mt/MmI3MDQ2M2Mt-NzliZTcwYWQt-w186._SY116_CB431382149_.jpg", "netloc": "images-na.ssl-images-amazon.com", "size": "3546"}
{"time": "2020-06-20T07:45:59.353201", "cdn": "HIT from fastly, HIT from fastly", "url": "https://images-na.ssl-images-amazon.com/images/G/01/US-hq/2020/img/Lawn_x26_Garden/XCM_CUTTLE_1225112_1177458_US_3094712_186x116_2X_en_US._SY116_CB431947935_.jpg", "netloc": "images-na.ssl-images-amazon.com", "size": "3728"}
{"time": "2020-06-20T07:45:59.369257", "cdn": "HIT from fastly, HIT from fastly", "url": "https://images-na.ssl-images-amazon.com/images/I/41YRB-diCPL._AC_SY200_.jpg", "netloc": "images-na.ssl-images-amazon.com", "size": "6376"}
{"time": "2020-06-20T07:45:59.375130", "cdn": "HIT from fastly, HIT from fastly", "url": "https://images-na.ssl-images-amazon.com/images/G/01/US-hq/2020/img/Lawn_x26_Garden/XCM_CUTTLE_1225112_1177462_US_3094708_186x116_2X_en_US._SY116_CB431947935_.jpg", "netloc": "images-na.ssl-images-amazon.com", "size": "3773"}
{"time": "2020-06-20T07:45:59.387770", "cdn": "HIT from fastly, HIT from fastly", "url": "https://images-na.ssl-images-amazon.com/images/I/41Z+G5UlB2L._AC_SY200_.jpg", "netloc": "images-na.ssl-images-amazon.com", "size": "6894"}
{"time": "2020-06-20T07:45:59.393235", "cdn": "HIT from fastly, HIT from fastly", "url": "https://images-na.ssl-images-amazon.com/images/I/41pl9kfXGRL._AC_SY200_.jpg", "netloc": "images-na.ssl-images-amazon.com", "size": "5845"}
{"time": "2020-06-20T07:45:59.408603", "cdn": "HIT from fastly, HIT from fastly", "url": "https://images-na.ssl-images-amazon.com/images/I/41IS2swTdQL._AC_SY200_.jpg", "netloc": "images-na.ssl-images-amazon.com", "size": "16938"}
{"time": "2020-06-20T07:45:59.414099", "cdn": "HIT from fastly, HIT from fastly", "url": "https://images-na.ssl-images-amazon.com/images/I/51nnuElo-zL._AC_SY200_.jpg", "netloc": "images-na.ssl-images-amazon.com", "size": "12775"}
{"time": "2020-06-20T07:45:59.419800", "cdn": "HIT from fastly, HIT from fastly", "url": "https://images-na.ssl-images-amazon.com/images/G/01/personalization/ybh/loading-4x-gray._CB485916920_.gif", "netloc": "images-na.ssl-images-amazon.com", "size": "8865"}
{"time": "2020-06-20T07:45:59.425318", "cdn": "HIT from fastly, HIT from fastly", "url": "https://images-na.ssl-images-amazon.com/images/I/41FuKe1Vv3L._AC_SY200_.jpg", "netloc": "images-na.ssl-images-amazon.com", "size": "8950"}
{"time": "2020-06-20T07:45:59.432373", "cdn": "HIT from fastly, HIT from fastly", "url": "https://images-na.ssl-images-amazon.com/images/I/41Z3gE0bCFL._AC_SY200_.jpg", "netloc": "images-na.ssl-images-amazon.com", "size": "4611"}
{"time": "2020-06-20T07:45:59.456598", "cdn": "HIT from fastly, HIT from fastly", "url": "https://images-na.ssl-images-amazon.com/images/G/01/ape/sf/whitelisted/desktop/sf-1.50.996289c._V428881808_.html", "netloc": "images-na.ssl-images-amazon.com", "size": "7614"}
{"time": "2020-06-20T07:45:59.714382", "cdn": "HIT from fastly, HIT from fastly", "url": "https://images-na.ssl-images-amazon.com/images/I/51s75BysibL.js?AUIClients/CardJsRuntimeBuzzCopyBuild", "netloc": "images-na.ssl-images-amazon.com", "size": "7899"}
{"time": "2020-06-20T07:45:59.732576", "cdn": "HIT from fastly, HIT from fastly", "url": "https://images-na.ssl-images-amazon.com/images/I/11-BZEJ8lnL._RC%7C61xmyjKeOpL.js,21Of0-9HPCL.js,012FVc3131L.js,11S5WBtBslL.js,51CF7BmbF2L.js,11AHlQhPRjL.js,016iHgpF74L.js,11aNYFFS5hL.js,116tgw9TSaL.js,211-p4GRUCL.js,01PoLXBDXWL.js,616HiO8WWWL.js,01ezj5Rkz1L.js,11BOgvnnntL.js,31shqoNXX9L.js,01rpauTep4L.js,01iyxuSGj4L.js,01P+dHNGR7L.js_.js?AUIClients/AmazonUI", "netloc": "images-na.ssl-images-amazon.com", "size": "69073"}
{"time": "2020-06-20T07:45:59.745493", "cdn": "Miss from cloudfront", "url": "https://www.amazon.com/empty.gif?1592664357886", "netloc": "www.amazon.com", "size": "43"}
{"time": "2020-06-20T07:45:59.780358", "cdn": "HIT from fastly, HIT from fastly", "url": "https://images-na.ssl-images-amazon.com/images/G/01/US-hq/2020/img/Events/XCM_Manual_1224150_1172708_US_us_fd20_dt_shoveler_en_3085635_200x200_en_US._CB431066503_.jpg", "netloc": "images-na.ssl-images-amazon.com", "size": "5506"}
{"time": "2020-06-20T07:45:59.822174", "cdn": "HIT from fastly, HIT from fastly", "url": "https://images-na.ssl-images-amazon.com/images/G/01/ape/fallback/static/GC_GW_Fallback_US_CA_._CB427676588_.png", "netloc": "images-na.ssl-images-amazon.com", "size": "81437"}
{"time": "2020-06-20T07:45:59.841711", "cdn": "Miss from cloudfront", "url": "https://www.amazon.com/gp/aq-feedback/lazyLoad/handler/af-link-handler.html?pl=%7B%22adPlacementMetaData%22%3A%7B%22pageUrl%22%3A%22aHR0cHM6Ly93d3cuYW1hem9uLmNvbS9zaG9wcGluZ1BvcnRhbC9kZXNrdG9w%22%2C%22adElementId%22%3A%22ape_Gateway_right-2_desktop_placement%22%2C%22pageType%22%3A%22Gateway%22%2C%22slotName%22%3A%22right-2%22%7D%2C%22adCreativeMetaData%22%3A%7B%22adNetwork%22%3A%22cs%22%7D%7D", "netloc": "www.amazon.com", "size": "1188"}
{"time": "2020-06-20T07:45:59.881019", "cdn": "HIT from fastly, HIT from fastly", "url": "https://images-na.ssl-images-amazon.com/images/G/01/img20/events/fathersday/gw/XCM_Manual_1223838_1170382_US_us_fd20_dt_shoveler_en_3085434_200x200_en_US._CB431064223_.jpg", "netloc": "images-na.ssl-images-amazon.com", "size": "7454"}
{"time": "2020-06-20T07:45:59.903526", "cdn": null, "url": "https://completion.amazon.com/api/2017/suggestions?session-id=131-5375880-4651969&customer-id=&request-id=YT4K4TMF55CQV70D1WMW&page-type=Gateway&lop=en_US&site-variant=desktop&client-info=amazon-search-ui&mid=ATVPDKIKX0DER&alias=aps&searchTerm=a&suggestion-type=KEYWORD&suggestion-type=WIDGET&_=1592664357908", "netloc": "completion.amazon.com", "size": "129"}
{"time": "2020-06-20T07:45:59.959889", "cdn": "HIT from fastly, HIT from fastly", "url": "https://images-na.ssl-images-amazon.com/images/G/01/img20/events/fathersday/gw/XCM_Manual_1223838_1170394_US_us_fd20_dt_shoveler_en_3085446_200x200_en_US._CB431064254_.jpg", "netloc": "images-na.ssl-images-amazon.com", "size": "7191"}
{"time": "2020-06-20T07:46:00.032315", "cdn": null, "url": "https://aax-us-east.amazon-adsystem.com/e/xsp/getAdj?placementId=73950e1c-6f66-4784-b2d9-e5d5693a4353&src=500&slot=desktop-ad-center-1&rid=0101cb66cf9009f49f5ab45bc6ded36cc39d987c7228c24546dd1b355a07329889a7&rj=%7B%7D&callback=aax_xsp_render_ad", "netloc": "aax-us-east.amazon-adsystem.com", "size": "197"}
{"time": "2020-06-20T07:46:00.044534", "cdn": null, "url": "https://aax-us-east.amazon-adsystem.com/e/xsp/getAdj?placementId=a141b4aa-72dc-40d9-9a10-31068a28da3f&src=500&slot=right-7&rid=0101cb66cf9009f49f5ab45bc6ded36cc39d987c7228c24546dd1b355a07329889a7&rj=%7B%7D&callback=aax_xsp_render_ad", "netloc": "aax-us-east.amazon-adsystem.com", "size": "194"}
{"time": "2020-06-20T07:46:00.159020", "cdn": "HIT from fastly, HIT from fastly", "url": "https://images-na.ssl-images-amazon.com/images/G/01/sm/Evergreen_Shared/GW_DesktopHero2_Riot_1500x600._CB430243761_.jpg", "netloc": "images-na.ssl-images-amazon.com", "size": "78838"}
{"time": "2020-06-20T07:46:00.173076", "cdn": "HIT from fastly, HIT from fastly", "url": "https://images-na.ssl-images-amazon.com/images/G/01/AmazonMusic/2020/ACQ/Evergreen/042020/Onsite_GW/US-EN_042020_ClaimChange_ACQ_GW_Hero_D_1500x600_CV5._CB432666898_.jpg", "netloc": "images-na.ssl-images-amazon.com", "size": "60966"}
{"time": "2020-06-20T07:46:00.180136", "cdn": "Miss from cloudfront", "url": "https://www.amazon.com/gp/overlay/display.html", "netloc": "www.amazon.com", "size": "39"}
{"time": "2020-06-20T07:46:00.186583", "cdn": null, "url": "https://aax-us-east.amazon-adsystem.com/x/px/Qth-IRpunI6eE_hLAb3meOwAAAFy0jF2kAEAAAH0Ab2V7d4/nii/%7B%22ni%22:true%7D", "netloc": "aax-us-east.amazon-adsystem.com", "size": "43"}
{"time": "2020-06-20T07:46:00.214546", "cdn": "HIT from fastly, HIT from fastly", "url": "https://m.media-amazon.com/images/G/01/AUIClients/AmazonUIFont-amazonember_rg-cc7ebaa05a2cd3b02c0929ac0475a44ab30b7efa._V2_.woff2", "netloc": "m.media-amazon.com", "size": "16616"}
{"time": "2020-06-20T07:46:00.239441", "cdn": null, "url": "https://aax-us-east.amazon-adsystem.com/x/px/Qth-IRpunI6eE_hLAb3meOwAAAFy0jF2kAEAAAH0Ab2V7d4/niv/%7B%22wh%22:600,%22ww%22:800,%22sx%22:0,%22sy%22:0,%22ah%22:250,%22aw%22:300,%22top%22:349,%22left%22:676.671875,%22v%22:%7B%22p%22:0,%22t%22:0,%22def%22:%22amzn%22%7D,%22ptv%22:3.224,%22ttv%22:2.663,%22niv%22:true%7D", "netloc": "aax-us-east.amazon-adsystem.com", "size": "43"}
{"time": "2020-06-20T07:46:00.306379", "cdn": "Miss from cloudfront", "url": "https://www.amazon.com/gp/aq-feedback/lazyLoad/handler/af-link-handler.html?pl=%7B%22adPlacementMetaData%22%3A%7B%22pageUrl%22%3A%22aHR0cHM6Ly93d3cuYW1hem9uLmNvbS9zaG9wcGluZ1BvcnRhbC9kZXNrdG9w%22%2C%22adElementId%22%3A%22ape_Gateway_desktop-ad-center-1_desktop_placement%22%2C%22pageType%22%3A%22Gateway%22%2C%22slotName%22%3A%22desktop-ad-center-1%22%7D%2C%22adCreativeMetaData%22%3A%7B%22adNetwork%22%3A%22cs%22%7D%7D", "netloc": "www.amazon.com", "size": "1197"}
{"time": "2020-06-20T07:46:00.350722", "cdn": "Miss from cloudfront", "url": "https://www.amazon.com/gp/aq-feedback/lazyLoad/handler/af-link-handler.html?pl=%7B%22adPlacementMetaData%22%3A%7B%22pageUrl%22%3A%22aHR0cHM6Ly93d3cuYW1hem9uLmNvbS9zaG9wcGluZ1BvcnRhbC9kZXNrdG9w%22%2C%22adElementId%22%3A%22ape_Gateway_right-7_desktop_placement%22%2C%22pageType%22%3A%22Gateway%22%2C%22slotName%22%3A%22right-7%22%7D%2C%22adCreativeMetaData%22%3A%7B%22adNetwork%22%3A%22cs%22%7D%7D", "netloc": "www.amazon.com", "size": "1189"}
{"time": "2020-06-20T07:46:00.368616", "cdn": null, "url": "https://aax-us-east.amazon-adsystem.com/x/px/QjljsAT3eIVP1ymT_DrCiqQAAAFy0jF2kAEAAAH0AfEqmQw/nii/%7B%22ni%22:true%7D", "netloc": "aax-us-east.amazon-adsystem.com", "size": "43"}
{"time": "2020-06-20T07:46:00.389836", "cdn": null, "url": "https://aax-us-east.amazon-adsystem.com/x/px/QjEjsK47sMIW-22wRQBIHBIAAAFy0jF2kAEAAAH0AVbCmNM/nii/%7B%22ni%22:true%7D", "netloc": "aax-us-east.amazon-adsystem.com", "size": "43"}
{"time": "2020-06-20T07:46:00.475735", "cdn": "HIT from fastly, HIT from fastly", "url": "https://images-na.ssl-images-amazon.com/images/G/01/ape/static/fallback/US_CENTER_PROMO_BACKUP._CB1578606135_.jpg", "netloc": "images-na.ssl-images-amazon.com", "size": "98870"}
{"time": "2020-06-20T07:46:00.533108", "cdn": "HIT from fastly, HIT from fastly", "url": "https://images-na.ssl-images-amazon.com/images/G/01/img20/events/fathersday/gw/XCM_Manual_1223838_1170386_US_us_fd20_dt_shoveler_en_3085438_200x200_en_US._CB431064223_.jpg", "netloc": "images-na.ssl-images-amazon.com", "size": "6649"}
{"time": "2020-06-20T07:46:00.541925", "cdn": "HIT from fastly, HIT from fastly", "url": "https://images-na.ssl-images-amazon.com/images/G/01/img20/events/fathersday/gw/XCM_Manual_1223838_1170380_US_us_fd20_dt_shoveler_en_3085432_200x200_en_US._CB431064223_.jpg", "netloc": "images-na.ssl-images-amazon.com", "size": "6153"}
{"time": "2020-06-20T07:46:00.567303", "cdn": "HIT from fastly, HIT from fastly", "url": "https://images-na.ssl-images-amazon.com/images/I/41Vi3+x+UIL._AC_SY200_.jpg", "netloc": "images-na.ssl-images-amazon.com", "size": "12872"}
{"time": "2020-06-20T07:46:00.576936", "cdn": "HIT from fastly, HIT from fastly", "url": "https://images-na.ssl-images-amazon.com/images/I/4186R261bnL._AC_SY200_.jpg", "netloc": "images-na.ssl-images-amazon.com", "size": "5722"}
{"time": "2020-06-20T07:46:00.600010", "cdn": "HIT from fastly, HIT from fastly", "url": "https://images-na.ssl-images-amazon.com/images/I/51bpwqGzaNL._AC_SY200_.jpg", "netloc": "images-na.ssl-images-amazon.com", "size": "8542"}
{"time": "2020-06-20T07:46:00.606689", "cdn": "HIT from fastly, HIT from fastly", "url": "https://images-na.ssl-images-amazon.com/images/I/31UBMKyJRmL._AC_SY200_.jpg", "netloc": "images-na.ssl-images-amazon.com", "size": "6400"}
{"time": "2020-06-20T07:46:00.612615", "cdn": "HIT from fastly, HIT from fastly", "url": "https://images-na.ssl-images-amazon.com/images/I/31htchoapFL._AC_SY200_.jpg", "netloc": "images-na.ssl-images-amazon.com", "size": "3405"}
{"time": "2020-06-20T07:46:00.631859", "cdn": "HIT from fastly, HIT from fastly", "url": "https://images-na.ssl-images-amazon.com/images/I/41jb319y9PL._AC_SY200_.jpg", "netloc": "images-na.ssl-images-amazon.com", "size": "10867"}
{"time": "2020-06-20T07:46:00.703065", "cdn": "HIT from fastly, HIT from fastly", "url": "https://images-na.ssl-images-amazon.com/images/I/41+aCfzdpnL._AC_SY200_.jpg", "netloc": "images-na.ssl-images-amazon.com", "size": "7649"}
{"time": "2020-06-20T07:46:00.744147", "cdn": "HIT from fastly, HIT from fastly", "url": "https://images-na.ssl-images-amazon.com/images/I/51qaU3SJpfL._AC_SY200_.jpg", "netloc": "images-na.ssl-images-amazon.com", "size": "8469"}
{"time": "2020-06-20T07:46:00.753707", "cdn": null, "url": "https://csi.gstatic.com/csi?v=2&s=pagead&action=csi_pagead&dmc=8&puid=4~kbnr845s&chm=1&ctx=2&qqid=CJKd5-zQkOoCFaaapwodFYEOYQ&met.3=118.wsv~143.wtl~118.wtm~118.wvq~143.wwe~118.wwg~118.wyo~143.wzb~118.wzd~118.x1n~143.x26~118.x28~118.x4k~143.x50~118.x52~118.x7i~143.x7w~118.x7x~118.xag~143.xaq~118.xas~118.xdf~143.xdj~118.xdm~118.xgc~143.xgd~118.xge~143.xj8~118.xja~118.xjb~143.xm4~118.xm6~118.xm7~143.xp2~118.xp4~118.xp5~143.xs0_1~118.xs3~118.xs3~143.xuu_1~118.xuw~118.xuy~143.xxo~118.xxp~118.xxs~143.y0h_1~118.y0i~118.y0r~143.y3a~118.y3b~118.y3o~143.y64_1~118.y65~118.y6n~143.y8y~118.y90~118.y9m~143.ybs~118.ybu~118.ycj~143.yen~118.yep~118.yfh~143.yhh_1~118.yhi~118.yig~143.ykc_1~118.yke~118.ylc~143.yn5_1~118.yn6~118.yob~143.yq2_1~118.yq4~118.yr8~143.ysx~118.ysz~118.yu1~143.yvt_1~118.yvu~118.ywx~143.yyq_1~118.yys~118.yzr~143.z1m_1~118.z1o~118.z2o~143.z4g_1~118.z4i~118.z5l~143.z7d_1~118.z7f~118.z8h~143.za6_1~118.za8~118.zba~143.zd0_1~118.zd0~118.ze5~143.zft_1~118.zfu~118.zh4~143.zin_1~118.zio~118.zjy~143.zlg_1~118.zli~118.zmv~143.zoa_1~118.zob~118.zpq~143.zr4_1~118.zr5~118.zsk~143.zu0_1~118.zu2~118.zvj~143.zww~118.zwy~118.zyh~143.zzr~118.zzt~118.101f~143.102l_1~118.102n~118.104e~143.105j_1~118.105l~118.1078~143.108h_1~118.108j~118.10a7~143.10bb_1~118.10bd~118.10d1~143.10e5_1~118.10e7~118.10g0~143.10h3_1~118.10h5~118.10iy~143.10jz~118.10k1~118.10lx~143.10mt_1~118.10mu~118.10ot~143.10pn_1~118.10po~118.10rr~143.10sf_1~118.10sg~118.10uq~143.10v9_1~118.10va~118.10xo~143.10y3~118.10y5~118.110m~143.110y~118.1110~118.113h~143.113r_1~118.113t~118.116b~143.116m~118.116o~118.1197~143.119f~118.119g~118.11c6~143.11c8~118.11c8~143.11f3~118.11f4~118.11f5~143.11hy_1~118.11i0~118.11i0~143.11kv_1~118.11kx~118.11ky~143.11nt_1~118.11nv~118.11nw~143.11qp~118.11qr~118.11qs~143.11tn~118.11tp~118.11tq~143.11wj_1~118.11wm~118.11wm~143.11zd_1~118.11ze~118.11zi~143.1226_1~118.1227~118.122d~143.124z_1~118.1250~118.125b~143.127s_1~118.127t~118.1285~143.12al_1~118.12am~118.12b4~143.12de_1~118.12df~118.12e1~143.12g8_1~118.12g8~118.12gv~143.12j0~118.12j1~118.12jr~143.12lu_1~118.12lv~118.12ml~143.12on_1~118.12oo~118.12pe~143.12rg_1~118.12rg~118.12sb~143.12ua_1~118.12uc~118.12va~143.12x7_1~118.12x9~118.12y7~143.1300~118.1301~118.1310~143.132w_1~118.132y~118.133v~143.135r_1~118.135u~118.136q~143.138p_1~118.138r~118.139l~143.13bi~118.13bj~118.13ci~143.13eg~118.13eh~118.13fg~143.13h9~118.13ha~118.13ie~143.13k7~118.13k8~118.13ld~143.13n2~118.13n4~118.13o9~143.13pz~118.13q1~118.13r7~143.13st_1~118.13sv~118.13u3~143.13vn~118.13vp~118.13x0~143.13yg~118.13yi~118.13zv~143.141b~118.141d~118.142u~143.1446~118.1448~118.145s~143.1472~118.1474~118.148r~143.149w~118.149y~118.14bn~143.14cq~118.14cs~118.14el~143.14fj~118.14fk~118.14hj~143.14ih~118.14ii~118.14kh~143.14le~118.14lg~118.14nd~143.14ob~118.14od~118.14q8~143.14r9~118.14rb~118.14t6~143.14u6~118.14u8~118.14w3~143.14wz~118.14x0~118.14yx~143.14zs_1~118.14zu~118.151q~143.152l~118.152m~118.154k~143.155f~118.155g~118.157f~143.1588_1~118.1589~118.15ab~143.15b1~118.15b1~118.15d4~143.15dt~118.15du~118.15fz~143.15gn_1~118.15go~118.15iu~143.15jg_1~118.15jg~118.15lt~143.15ma~118.15mc~118.15or~143.15p3~118.15p4~118.15rl~143.15ry~118.15rz~118.15uj~143.15ur~118.15ut~118.15xd~143.15xl~118.15xm~118.1608~143.160f_1~118.160h~143.163c~118.163d~118.1664~118.1665~143.1666~118.1667~118.168y~143.168z_1~118.1691~118.16br~143.16bs~118.16bt~143.16eo~118.16eq~118.16er~143.16hj_1~118.16hl~118.16hm~143.16kd_1~118.16ke~118.16kf~143.16n6_1~118.16n7~118.16n9~143.16pz~118.16q0~118.16q7~143.16sw~118.16sy~118.16t1~143.16vs_1~118.16vv~118.16vv~143.16yo~118.16yp~118.16yq~143.171h~118.171i~118.171k~143.174a~118.174b~118.174d~143.1773~118.1774~118.1776~143.179y~118.179z~118.17a5~143.17ct~118.17cv~118.17d4~143.17fp~118.17fr~118.17fx~143.17im_1~118.17ip~118.17ir~143.17lf_1~118.17lg~118.17ln~143.17o8~118.17o9~118.17om~143.17r1~118.17r1~118.17rh~143.17tv~118.17tw~118.17uc~143.17wo~118.17wp~118.17x7~143.17zl~118.17zm~118.1801~143.182i~118.182k~118.182v~143.185c~118.185e~118.185u~143.1886~118.1888~118.188p~143.18b3~118.18b5~118.18bn~143.18dy~118.18e0~118.18em~143.18gs~118.18gu~118.18hg~143.18jl~118.18jn~118.18ke~143.18mf~118.18mh~118.18n8~143.18p8~118.18p9~118.18q3~143.18s1~118.18s2~118.18t0~143.18uu~118.18uv~118.18vz~143.18xp~118.18xr~118.18ys~143.190j~118.190l~118.191n~143.193d~118.193f~118.194m~143.1967~118.1968~118.197l~143.1990_1~118.1990~118.19aj~143.19bu~118.19bw~118.19dg~143.19en~118.19eo~118.19gf~143.19hi~118.19hk~118.19jb~143.19kg~118.19ki~118.19ma~143.19nd~118.19nf~118.19p8~143.19q6~118.19q7~118.19s6~143.19t3~118.19t5~118.19v5~143.19vx~118.19vy~118.19y0~143.19yt~118.19yv~118.1a0z~143.1a1n~118.1a1o~118.1a3u~143.1a4f~118.1a4g~118.1a6o~143.1a78~118.1a79~118.1a9k~143.1aa2_1~118.1aa4~118.1acg~143.1acv~118.1acv~118.1afe~143.1afo~118.1afp~118.1ai7~143.1aii~118.1aik~118.1al3~143.1alb~118.1alc~118.1anx~143.1ao4_1~118.1ao5~118.1aqt~143.1aqx~118.1aqy~118.1atn~143.1atq~118.1atr~118.1awi~143.1awj~118.1awk~143.1azc~118.1aze~118.1azf~143.1b26~118.1b28~118.1b29~143.1b52~118.1b53~118.1b54~143.1b7x~118.1b7z~118.1b80~143.1bar~118.1bat~118.1bat~143.1bdk~118.1bdl~118.1bdo~143.1bgf~118.1bgg~118.1bgm~143.1bj7~118.1bj9~118.1bji~143.1bm0~118.1bm2~118.1bmd~143.1bot~118.1bou~118.1bp7~143.1brm~118.1brm~118.1bs1~143.1bue~118.1buf~118.1buu~143.1bx7~118.1bx8~118.1bxo~143.1c02~118.1c04~118.1c0h~143.1c2v~118.1c2w~118.1c3e~143.1c5s~118.1c5t~118.1c69~143.1c8m~118.1c8n~118.1c92~143.1cbi~118.1cbj~118.1cbx~143.1ceb~118.1ceb~118.1cet~143.1ch3_1~118.1ch4~118.1chq~143.1cjw~118.1cjw~118.1ckm~143.1cmo~118.1cmp~118.1cng~143.1cph~118.1cpi~118.1cqe~143.1csa~118.1csb~118.1ct7~143.1cv3~118.1cv3~118.1cw2~143.1cxw~118.1cxx~118.1cyw~143.1d0p~118.1d0q~118.1d1s~143.1d3j~118.1d3k~118.1d4l~143.1d6d~118.1d6e~118.1d7f~143.1d96~118.1d97~118.1da9~143.1dc0~118.1dc2~118.1dd3~143.1deu~118.1dew~118.1dg1~143.1dhn~118.1dho~118.1dj0~143.1dkj~118.1dkl~118.1dlw~143.1dnc~118.1dne~118.1dor~143.1dq5~118.1dq6~118.1drn~143.1dt0~118.1dt1~118.1dul~143.1dvv~118.1dvw~118.1dxg~143.1dyo~118.1dyq~118.1e09", "netloc": "csi.gstatic.com", "size": "0"}
{"time": "2020-06-20T07:46:00.764737", "cdn": "HIT from fastly, HIT from fastly", "url": "https://images-na.ssl-images-amazon.com/images/I/41LLINlLziL._AC_SY200_.jpg", "netloc": "images-na.ssl-images-amazon.com", "size": "5169"}
{"time": "2020-06-20T07:46:00.787431", "cdn": "HIT from fastly, HIT from fastly", "url": "https://images-na.ssl-images-amazon.com/images/I/41O3I1bROpL._AC_SY200_.jpg", "netloc": "images-na.ssl-images-amazon.com", "size": "4188"}
{"time": "2020-06-20T07:46:00.826739", "cdn": "HIT from fastly, HIT from fastly", "url": "https://images-na.ssl-images-amazon.com/images/I/51pK4JUI8aL._AC_SY200_.jpg", "netloc": "images-na.ssl-images-amazon.com", "size": "10973"}
{"time": "2020-06-20T07:46:00.840258", "cdn": "HIT from fastly, HIT from fastly", "url": "https://images-na.ssl-images-amazon.com/images/I/51Pr6yMvayL._AC_SY200_.jpg", "netloc": "images-na.ssl-images-amazon.com", "size": "6946"}
{"time": "2020-06-20T07:46:00.846335", "cdn": "HIT from fastly, HIT from fastly", "url": "https://images-na.ssl-images-amazon.com/images/I/31+RqOO84oL._AC_SY200_.jpg", "netloc": "images-na.ssl-images-amazon.com", "size": "3213"}
{"time": "2020-06-20T07:46:00.854966", "cdn": "HIT from fastly, HIT from fastly", "url": "https://images-na.ssl-images-amazon.com/images/I/5118XlrWwlL._AC_SY200_.jpg", "netloc": "images-na.ssl-images-amazon.com", "size": "8564"}
{"time": "2020-06-20T07:46:00.883858", "cdn": "HIT from fastly, HIT from fastly", "url": "https://images-na.ssl-images-amazon.com/images/I/510fn5ptdIL._AC_SY200_.jpg", "netloc": "images-na.ssl-images-amazon.com", "size": "10132"}
{"time": "2020-06-20T07:46:00.930424", "cdn": "HIT from fastly, HIT from fastly", "url": "https://images-na.ssl-images-amazon.com/images/I/41l-4yOemPL._AC_SY200_.jpg", "netloc": "images-na.ssl-images-amazon.com", "size": "6031"}
{"time": "2020-06-20T07:46:00.969707", "cdn": "HIT from fastly, HIT from fastly", "url": "https://images-na.ssl-images-amazon.com/images/I/51pkzXJLcnL._AC_SY200_.jpg", "netloc": "images-na.ssl-images-amazon.com", "size": "5300"}
{"time": "2020-06-20T07:46:00.977135", "cdn": "HIT from fastly, HIT from fastly", "url": "https://images-na.ssl-images-amazon.com/images/I/31LZdzJRFnL._AC_SY200_.jpg", "netloc": "images-na.ssl-images-amazon.com", "size": "3960"}
{"time": "2020-06-20T07:46:01.034415", "cdn": "HIT from fastly, HIT from fastly", "url": "https://images-na.ssl-images-amazon.com/images/I/41VmEF5tgiL._AC_SY200_.jpg", "netloc": "images-na.ssl-images-amazon.com", "size": "5230"}
{"time": "2020-06-20T07:46:01.073695", "cdn": "HIT from fastly, HIT from fastly", "url": "https://images-na.ssl-images-amazon.com/images/I/51gsWlZ3ZRL._AC_SY200_.jpg", "netloc": "images-na.ssl-images-amazon.com", "size": "10012"}
{"time": "2020-06-20T07:46:01.094397", "cdn": "HIT from fastly, HIT from fastly", "url": "https://images-na.ssl-images-amazon.com/images/I/416Z8ugX3WL._AC_SY200_.jpg", "netloc": "images-na.ssl-images-amazon.com", "size": "5157"}
{"time": "2020-06-20T07:46:01.100917", "cdn": "HIT from fastly, HIT from fastly", "url": "https://images-na.ssl-images-amazon.com/images/I/41rDjlL+bjL._AC_SY200_.jpg", "netloc": "images-na.ssl-images-amazon.com", "size": "9803"}
{"time": "2020-06-20T07:46:01.108036", "cdn": "HIT from fastly, HIT from fastly", "url": "https://images-na.ssl-images-amazon.com/images/I/31DRkjDeqqL._AC_SY200_.jpg", "netloc": "images-na.ssl-images-amazon.com", "size": "6219"}
{"time": "2020-06-20T07:46:01.139697", "cdn": "HIT from fastly, HIT from fastly", "url": "https://images-na.ssl-images-amazon.com/images/I/31lTpKroqmL._AC_SY200_.jpg", "netloc": "images-na.ssl-images-amazon.com", "size": "8988"}
{"time": "2020-06-20T07:46:01.223302", "cdn": "HIT from fastly, HIT from fastly", "url": "https://images-na.ssl-images-amazon.com/images/I/31j21cpXx7L._AC_SY200_.jpg", "netloc": "images-na.ssl-images-amazon.com", "size": "7388"}
{"time": "2020-06-20T07:46:01.239042", "cdn": "HIT from fastly, HIT from fastly", "url": "https://images-na.ssl-images-amazon.com/images/I/51EnkQWrE3L._AC_SY200_.jpg", "netloc": "images-na.ssl-images-amazon.com", "size": "8056"}
{"time": "2020-06-20T07:46:01.248745", "cdn": "HIT from fastly, HIT from fastly", "url": "https://images-na.ssl-images-amazon.com/images/I/31m7otOrbKL._AC_SY200_.jpg", "netloc": "images-na.ssl-images-amazon.com", "size": "3363"}
{"time": "2020-06-20T07:46:01.290189", "cdn": "HIT from fastly, HIT from fastly", "url": "https://images-na.ssl-images-amazon.com/images/I/41kLzJ-dCYL._AC_SY200_.jpg", "netloc": "images-na.ssl-images-amazon.com", "size": "16140"}
{"time": "2020-06-20T07:46:01.313683", "cdn": "HIT from fastly, HIT from fastly", "url": "https://images-na.ssl-images-amazon.com/images/I/31P9MLV-eGL._AC_SY200_.jpg", "netloc": "images-na.ssl-images-amazon.com", "size": "3279"}
{"time": "2020-06-20T07:46:01.329803", "cdn": "HIT from fastly, HIT from fastly", "url": "https://images-na.ssl-images-amazon.com/images/I/31ikm5w-HkL._AC_SY200_.jpg", "netloc": "images-na.ssl-images-amazon.com", "size": "4092"}
{"time": "2020-06-20T07:46:01.338013", "cdn": "HIT from fastly, HIT from fastly", "url": "https://images-na.ssl-images-amazon.com/images/I/41RHIfFLDHL._AC_SY200_.jpg", "netloc": "images-na.ssl-images-amazon.com", "size": "11803"}
{"time": "2020-06-20T07:46:01.345720", "cdn": "HIT from fastly, HIT from fastly", "url": "https://images-na.ssl-images-amazon.com/images/I/31fJnSQZHmL._AC_SY200_.jpg", "netloc": "images-na.ssl-images-amazon.com", "size": "3766"}
{"time": "2020-06-20T07:46:01.432497", "cdn": "HIT from fastly, HIT from fastly", "url": "https://images-na.ssl-images-amazon.com/images/I/31Xh1u+LbbL._AC_SY200_.jpg", "netloc": "images-na.ssl-images-amazon.com", "size": "9749"}
{"time": "2020-06-20T07:46:01.458854", "cdn": "HIT from fastly, HIT from fastly", "url": "https://images-na.ssl-images-amazon.com/images/I/312YvBcSfNL._AC_SY200_.jpg", "netloc": "images-na.ssl-images-amazon.com", "size": "4263"}
{"time": "2020-06-20T07:46:01.465453", "cdn": "HIT from fastly, HIT from fastly", "url": "https://images-na.ssl-images-amazon.com/images/I/21+XeJibsoL._AC_SY200_.jpg", "netloc": "images-na.ssl-images-amazon.com", "size": "1239"}
{"time": "2020-06-20T07:46:01.534253", "cdn": "HIT from fastly, HIT from fastly", "url": "https://images-na.ssl-images-amazon.com/images/I/21SDK8Zp65L._AC_SY200_.jpg", "netloc": "images-na.ssl-images-amazon.com", "size": "2050"}
{"time": "2020-06-20T07:46:01.582926", "cdn": "HIT from fastly, HIT from fastly", "url": "https://images-na.ssl-images-amazon.com/images/I/51UaUoTjxJL._AC_SY200_.jpg", "netloc": "images-na.ssl-images-amazon.com", "size": "6420"}
{"time": "2020-06-20T07:46:01.596145", "cdn": "HIT from fastly, HIT from fastly", "url": "https://images-na.ssl-images-amazon.com/images/I/51wf8kS9NwL._AC_SY200_.jpg", "netloc": "images-na.ssl-images-amazon.com", "size": "5980"}
{"time": "2020-06-20T07:46:01.602088", "cdn": "HIT from fastly, HIT from fastly", "url": "https://images-na.ssl-images-amazon.com/images/I/31K2EqHq+fL._AC_SY200_.jpg", "netloc": "images-na.ssl-images-amazon.com", "size": "2300"}
{"time": "2020-06-20T07:46:01.621009", "cdn": "HIT from fastly, HIT from fastly", "url": "https://images-na.ssl-images-amazon.com/images/I/41lmeHszRLL._AC_SY200_.jpg", "netloc": "images-na.ssl-images-amazon.com", "size": "6719"}
{"time": "2020-06-20T07:46:01.640488", "cdn": "HIT from fastly, HIT from fastly", "url": "https://images-na.ssl-images-amazon.com/images/I/41Dvc8ys-WL._AC_SY200_.jpg", "netloc": "images-na.ssl-images-amazon.com", "size": "11663"}
{"time": "2020-06-20T07:46:01.728043", "cdn": "HIT from fastly, HIT from fastly", "url": "https://images-na.ssl-images-amazon.com/images/I/41j4DLf-HrL._AC_SY200_.jpg", "netloc": "images-na.ssl-images-amazon.com", "size": "6897"}
{"time": "2020-06-20T07:46:01.750027", "cdn": "HIT from fastly, HIT from fastly", "url": "https://images-na.ssl-images-amazon.com/images/I/51wR69GfLoL._AC_SY200_.jpg", "netloc": "images-na.ssl-images-amazon.com", "size": "18030"}
{"time": "2020-06-20T07:46:01.838915", "cdn": "HIT from fastly, HIT from fastly", "url": "https://m.media-amazon.com/images/G/01/AUIClients/AmazonGatewayAuiAssets-gw_sprite_desktop_hires-4c97ad6298caf0709d10713a32b5445eaa6aef07._V2_.png", "netloc": "m.media-amazon.com", "size": "48964"}
{"time": "2020-06-20T07:46:01.847269", "cdn": "HIT from fastly, HIT from fastly", "url": "https://images-na.ssl-images-amazon.com/images/I/41Oib5scttL._AC_SY200_.jpg", "netloc": "images-na.ssl-images-amazon.com", "size": "11927"}
{"time": "2020-06-20T07:46:02.165418", "cdn": "HIT from fastly, HIT from fastly", "url": "https://images-na.ssl-images-amazon.com/images/G/01/ad-feedback/info_icon_1Xsprite._CB431021510_.png", "netloc": "images-na.ssl-images-amazon.com", "size": "538"}
{"time": "2020-06-20T07:46:02.321378", "cdn": "HIT from fastly, HIT from fastly", "url": "https://images-na.ssl-images-amazon.com/images/G/01/kindle/journeys/ODI3MjJjMWIt/ODI3MjJjMWIt-MDY3M2ZmYjkt-w1500._CB429119119_.jpg", "netloc": "images-na.ssl-images-amazon.com", "size": "64428"}
{"time": "2020-06-20T07:46:02.338980", "cdn": "HIT from fastly, HIT from fastly", "url": "https://images-na.ssl-images-amazon.com/images/G/01/digital/video/merch/2019/Other/RB-1424_AcquisitionHolidayAssets/GW_DesktopHero_RB-1424_PV-AcquisitionHolidayAssets_1500x600._CB451871227_.jpg", "netloc": "images-na.ssl-images-amazon.com", "size": "86366"}
{"time": "2020-06-20T07:46:02.469238", "cdn": "HIT from fastly, HIT from fastly", "url": "https://images-na.ssl-images-amazon.com/images/G/01/gift-certificates/consumer/2020/Fatherday/GWLOP/FD_DesktopHero_EN_eGC_US_1500x600._CB433669228_.jpg", "netloc": "images-na.ssl-images-amazon.com", "size": "83114"}
{"time": "2020-06-20T07:46:02.482190", "cdn": "HIT from fastly, HIT from fastly", "url": "https://images-na.ssl-images-amazon.com/images/G/01/img18/home/journeys/YjUyMmM3MjQt/YjUyMmM3MjQt-MDM5NTJhZmYt-w1500._CB428992503_.jpg", "netloc": "images-na.ssl-images-amazon.com", "size": "85518"}
{"time": "2020-06-20T07:46:02.756805", "cdn": "HIT from fastly, HIT from fastly", "url": "https://images-na.ssl-images-amazon.com/images/G/01/kindle/education/merch/gw/Desktop_1500x600._CB435281981_.jpg", "netloc": "images-na.ssl-images-amazon.com", "size": "120177"}
{"time": "2020-06-20T07:46:02.808538", "cdn": "HIT from fastly, HIT from fastly", "url": "https://images-na.ssl-images-amazon.com/images/G/01/IMDbTV/gateway/cloudymeatballs1/GW_DesktopHero_W23_Meatballs_1x_1500x600_EN_2330_v2._CB430657160_.jpg", "netloc": "images-na.ssl-images-amazon.com", "size": "72304"}
{"time": "2020-06-20T07:46:02.836825", "cdn": null, "url": "https://unagi-na.amazon.com/1/events/com.amazon.csm.nexusclient.prod", "netloc": "unagi-na.amazon.com", "size": "22"}
{"time": "2020-06-20T07:46:02.855579", "cdn": "HIT from fastly, HIT from fastly", "url": "https://images-na.ssl-images-amazon.com/images/G/01/IMDbTV/gateway/cloudymeatballs1/GW_DesktopHero_W23_Meatballs_2x_3000x1200_EN_2330_v2._CB430657160_.jpg", "netloc": "images-na.ssl-images-amazon.com", "size": "142840"}
{"time": "2020-06-20T07:46:02.902511", "cdn": null, "url": "https://fls-na.amazon.com/1/batch/1/OE/", "netloc": "fls-na.amazon.com", "size": "0"}
{"time": "2020-06-20T07:46:22.757733", "cdn": null, "url": "https://csi.gstatic.com/csi?v=2&s=pagead&action=csi_pagead&dmc=8&puid=5~kbnr8lfb&chm=1&ctx=2&qqid=CJKd5-zQkOoCFaaapwodFYEOYQ&met.3=143.1e1k~118.1e1l~118.1e36~143.1e4e~118.1e4f~118.1e62~143.1e7a~118.1e7b~118.1e8z~143.1ea3~118.1ea5~118.1ebt~143.1ecv~118.1ecw~118.1eem~143.1efp~118.1efq~118.1ehf~143.1eim~118.1ein~118.1ekb~143.1elg~118.1elg~118.1en9~143.1eo8~118.1eo8~118.1eq2~143.1er1~118.1er2~118.1esy~143.1ety~118.1eu0~118.1evu~143.1ewr~118.1ewr~118.1eyo~143.1ezk~118.1ezk~118.1f1k~143.1f2d~118.1f2e~118.1f4e~143.1f55~118.1f56~118.1f77~143.1f7y~118.1f7y~118.1fa2~143.1far_1~118.1fat~118.1fd1~143.1fdl~118.1fdm~118.1fft~143.1fgf~118.1fgg~118.1fir~143.1fj9~118.1fja~118.1fll~143.1fm6~118.1fm8~118.1foi~143.1fp1~118.1fp2~118.1frd~143.1fru~118.1frw~118.1fu8~143.1fun~118.1fun~118.1fx4~143.1fxh~118.1fxj~118.1fzy~143.1g0a~118.1g0b~118.1g2x~143.1g33~118.1g35~118.1g5x~143.1g5y_1~118.1g60~143.1g8t~118.1g8v~118.1g8w~143.1gbr_1~118.1gbt~118.1gbu~143.1gel_1~118.1gen~118.1geo~143.1ghj_1~118.1ghl~118.1ghm~143.1gkd_1~118.1gkf~118.1gkg~143.1gn6~118.1gn7~118.1gna~143.1gpz_1~118.1gq0~118.1gq9~143.1gss_1~118.1gst~118.1gt5~143.1gvl_1~118.1gvm~118.1gvy~143.1gyf~118.1gyf~118.1gyr~143.1h18_1~118.1h19~118.1h1q~143.1h43~118.1h45~118.1h4o~143.1h6y_1~118.1h70~118.1h7l~143.1h9v_1~118.1h9x~118.1haf~143.1hct_1~118.1hcv~118.1hdc~143.1hfq_1~118.1hfs~118.1hga~143.1hil~118.1him~118.1hj5~143.1hlj~118.1hll~118.1hm0~143.1hoc~118.1hod~118.1hov~143.1hr5~118.1hr7~118.1hrt~143.1htz~118.1hu1~118.1hun~143.1hwu~118.1hww~118.1hxh~143.1hzo_1~118.1hzq~118.1i0d~143.1i2m_1~118.1i2o~118.1i37~143.1i5e~118.1i5f~118.1i5z~143.1i87~118.1i87~118.1i8s~143.1ib0_1~118.1ib2~118.1ibp~143.1idu_1~118.1idv~118.1iek~143.1ign_1~118.1igo~118.1ihf~143.1iji_1~118.1ijk~118.1ik9~143.1imb_1~118.1imc~118.1in4~143.1ip7_1~118.1ip8~118.1iq1~143.1is2_1~118.1is4~118.1isw~143.1iuz~118.1iv0~118.1ivv~143.1ixt_1~118.1ixv~118.1iys~143.1j0r~118.1j0t~118.1j1m~143.1j3k~118.1j3l~118.1j4l~143.1j6d_1~118.1j6f~118.1j7h~143.1j96_1~118.1j97~118.1jae~143.1jc4_1~118.1jc6~118.1jd8~143.1jf0_1~118.1jf2~118.1jg7~143.1jhy~118.1ji0~118.1jj5~143.1jks_1~118.1jkv~118.1jm0~143.1jnn_1~118.1jnp~118.1joz~143.1jqj~118.1jql~118.1jrw~143.1jtf_1~118.1jth~118.1juv~143.1jwc_1~118.1jwe~118.1jxu~143.1jz9_1~118.1jzb~118.1k0p~143.1k24~118.1k26~118.1k3o~143.1k4y_1~118.1k4z~118.1k6n~143.1k7r~118.1k7r~118.1k9m~143.1kaj~118.1kak~118.1kcg~143.1kdg~118.1kdi~118.1kff~143.1kge~118.1kgg~118.1kid~143.1kja~118.1kjc~118.1klc~143.1km3_1~118.1km4~118.1koa~143.1kow~118.1kox~118.1kr6~143.1krt~118.1krv~118.1ktz~143.1kum~118.1kuo~118.1kwy~143.1kxf_1~118.1kxh~118.1kzv~143.1l09~118.1l0a~118.1l2s~143.1l33_1~118.1l36~118.1l5r~143.1l5y_1~118.1l60~118.1l8p~143.1l8r~118.1l8r~143.1lbk_1~118.1lbl~118.1lbm~143.1led~118.1lee~118.1leg~143.1lh7~118.1lh8~118.1lha~143.1lk0~118.1lk1~118.1lk7~143.1lmw_1~118.1lmy~118.1ln0~143.1lpr~118.1lpt~118.1lpz~143.1lsn_1~118.1lsp~118.1lsy~143.1lvg~118.1lvi~118.1lvx~143.1ly9~118.1lya~118.1lyu~143.1m16~118.1m18~118.1m1s~143.1m44~118.1m46~118.1m4p~143.1m71~118.1m73~118.1m7j~143.1m9u~118.1m9v~118.1mad~143.1mcn~118.1mco~118.1mdc~143.1mfg_1~118.1mfi~118.1mg9~143.1mia_1~118.1mib~118.1mj3~143.1ml3~118.1ml5~118.1mlw~143.1mnx~118.1mny~118.1mor~143.1mqq~118.1mqs~118.1mrp~143.1mtm_1~118.1mto~118.1mul~143.1mwh~118.1mwi~118.1mxg~143.1mzc~118.1mze~118.1n0f~143.1n27~118.1n29~118.1n3d~143.1n51~118.1n53~118.1n6c~143.1n7u~118.1n7v~118.1n9a~143.1nar~118.1nat~118.1nc5~143.1ndl~118.1ndm~118.1nf0~143.1nge~118.1nge~118.1nhv~143.1nj7~118.1nj8~118.1nks~143.1nm1_1~118.1nm4~118.1nnp~143.1noz~118.1np1~118.1nqm~143.1nrv~118.1nry~118.1ntg~143.1nus~118.1nuu~118.1nwe~143.1nxq_1~118.1nxt~118.1nz8~143.1o0j~118.1o0k~118.1o24~143.1o3d~118.1o3e~118.1o50~143.1o66~118.1o67~118.1o7u~143.1o91~118.1o92~118.1oao~143.1obv~118.1obw~118.1odn~143.1oep~118.1oer~118.1ogk~143.1ohk~118.1ohm~118.1ojh~143.1oke~118.1okg~118.1omg~143.1onb~118.1ond~118.1opc~143.1oq6~118.1oq8~118.1osa~143.1ot0_1~118.1ot2~118.1ov5~143.1ovu~118.1ovv~118.1oy4~143.1oyr~118.1oyt~118.1p0y~143.1p1o_1~118.1p1q~118.1p3r~143.1p4l~118.1p4n~118.1p6m~143.1p7f~118.1p7g~118.1p9i~143.1pa8_1~118.1pa9~118.1pcg~143.1pd1_1~118.1pd2~118.1pff~143.1pfu~118.1pfv~118.1pid~143.1pio~118.1pip~118.1plc~143.1plh~118.1plj~118.1po7~143.1pob~118.1poc~118.1pr4~143.1pr5_1~118.1pr7~143.1ptz~118.1pu0~118.1pu1~143.1pws_1~118.1pwu~118.1pwu~143.1pzo_1~118.1pzp~118.1pzq~143.1q2h~118.1q2i~118.1q2k~143.1q5a~118.1q5c~118.1q5d~143.1q85~118.1q87~118.1q87~143.1qb2~118.1qb4~118.1qb5~143.1qdz~118.1qe0~118.1qe1~143.1qgt~118.1qgv~118.1qgv~143.1qjn~118.1qjo~118.1qjp~143.1qmi~118.1qmk~118.1qml~143.1qpg_1~118.1qpi~118.1qpj~143.1qsd~118.1qsf~118.1qsf~143.1qvb~118.1qvd~118.1qvd~143.1qy4_1~118.1qy6~118.1qy7~143.1r0y~118.1r0y~118.1r11~143.1r3r~118.1r3r~118.1r3u~143.1r6k~118.1r6k~118.1r6n~143.1r9c~118.1r9d~118.1r9k~143.1rc6~118.1rc8~118.1rci~143.1rf2~118.1rf4~118.1rfh~143.1rhy~118.1ri0~118.1rif~143.1rku~118.1rkv~118.1rle~143.1rnn~118.1rnp~118.1roc~143.1rqj~118.1rql~118.1rrb~143.1rtc~118.1rte~118.1ru9~143.1rw7~118.1rw9~118.1rx6~143.1rz4~118.1rz6~118.1s04~143.1s20~118.1s22~118.1s2x~143.1s4y~118.1s50~118.1s5u~143.1s7s~118.1s7u~118.1s8r~143.1sal~118.1sam~118.1sbp~143.1sde~118.1sdg~118.1sej~143.1sg8~118.1sga~118.1shf~143.1sj3~118.1sj4~118.1skb~143.1slx~118.1slz~118.1sn9~143.1sot~118.1sou~118.1sq6~143.1sro~118.1srq~118.1st0~143.1suj~118.1suk~118.1svv~143.1sxg~118.1sxi~118.1syu~143.1t0e~118.1t0g~118.1t1s~143.1t39~118.1t3b~118.1t4p~143.1t65~118.1t67~118.1t7o~143.1t90~118.1t92~118.1tam~143.1tby~118.1tc0~118.1tdi~143.1teu~118.1tew~118.1tgd~143.1thn~118.1tho~118.1tj8~143.1tkg~118.1tki~118.1tm6~143.1tnb~118.1tnd~118.1tp2~143.1tq5~118.1tq7~118.1trx~143.1tt0~118.1tt1~118.1tur~143.1tvv~118.1tvw~118.1txn~143.1tyq_1~118.1tys~118.1u0g~143.1u1j~118.1u1k~118.1u3e~143.1u4f~118.1u4h~118.1u6d~143.1u7b~118.1u7d~118.1u96~143.1ua9~118.1uaa~118.1uc1~143.1ud4_1~118.1ud6~118.1uez~143.1ug1~118.1ug3~118.1uhx~143.1uiz~118.1uj1~118.1ukt~143.1ulw~118.1ulx~118.1unq~143.1uop~118.1uoq~118.1uql~143.1uri~118.1uri~118.1ute~143.1uub~118.1uud~118.1uwa~143.1ux5~118.1ux6~118.1uz5~143.1uzy", "netloc": "csi.gstatic.com", "size": "0"}
